2003.08.05 15:38 B D:\Docs Personal\Webs\climbing\guides\citadel\cit_big.jpg <-- climbing /guides/citadel cit_big.jpg
2003.08.05 15:38 B D:\Docs Personal\Webs\climbing\guides\citadel\cit_big_small.jpg <-- climbing /guides/citadel cit_big_small.jpg
2003.08.05 15:38 B D:\Docs Personal\Webs\climbing\guides\citadel\cit_cc.jpg <-- climbing /guides/citadel cit_cc.jpg
2003.08.05 15:38 B D:\Docs Personal\Webs\climbing\guides\citadel\cit_cc_small.jpg <-- climbing /guides/citadel cit_cc_small.jpg
2003.08.05 15:38 B D:\Docs Personal\Webs\climbing\guides\citadel\cit_hf1.jpg <-- climbing /guides/citadel cit_hf1.jpg
2003.08.05 15:38 B D:\Docs Personal\Webs\climbing\guides\citadel\cit_hf1_small.jpg <-- climbing /guides/citadel cit_hf1_small.jpg
2003.08.05 15:38 B D:\Docs Personal\Webs\climbing\guides\citadel\cit_hf2.jpg <-- climbing /guides/citadel cit_hf2.jpg
2003.08.05 15:38 B D:\Docs Personal\Webs\climbing\guides\citadel\cit_hf2_small.jpg <-- climbing /guides/citadel cit_hf2_small.jpg
2003.08.05 15:38 B D:\Docs Personal\Webs\climbing\guides\citadel\cit_hf3.jpg <-- climbing /guides/citadel cit_hf3.jpg
2003.08.05 15:38 B D:\Docs Personal\Webs\climbing\guides\citadel\cit_hf3_small.jpg <-- climbing /guides/citadel cit_hf3_small.jpg
2003.08.05 15:38 B D:\Docs Personal\Webs\climbing\guides\citadel\cit_hf_s.jpg <-- climbing /guides/citadel cit_hf_s.jpg
2003.08.05 15:38 B D:\Docs Personal\Webs\climbing\guides\citadel\cit_hf_s_small.jpg <-- climbing /guides/citadel cit_hf_s_small.jpg
2003.08.05 15:39 B D:\Docs Personal\Webs\climbing\guides\citadel\cit_hfs2.jpg <-- climbing /guides/citadel cit_hfs2.jpg
2003.08.05 15:39 B D:\Docs Personal\Webs\climbing\guides\citadel\cit_hfs2_small.jpg <-- climbing /guides/citadel cit_hfs2_small.jpg
2003.08.05 15:39 B D:\Docs Personal\Webs\climbing\guides\citadel\cit_sikl.jpg <-- climbing /guides/citadel cit_sikl.jpg
2003.08.05 15:39 B D:\Docs Personal\Webs\climbing\guides\citadel\cit_sikl_small.jpg <-- climbing /guides/citadel cit_sikl_small.jpg
2003.08.05 15:39 B D:\Docs Personal\Webs\climbing\guides\citadel\cit_tdc1.jpg <-- climbing /guides/citadel cit_tdc1.jpg
2003.08.05 15:39 B D:\Docs Personal\Webs\climbing\guides\citadel\cit_tdc1_small.jpg <-- climbing /guides/citadel cit_tdc1_small.jpg
2003.08.05 15:39 B D:\Docs Personal\Webs\climbing\guides\citadel\cit_tdc3.jpg <-- climbing /guides/citadel cit_tdc3.jpg
2003.08.05 15:39 B D:\Docs Personal\Webs\climbing\guides\citadel\cit_tdc3_small.jpg <-- climbing /guides/citadel cit_tdc3_small.jpg
2003.08.05 15:39 B D:\Docs Personal\Webs\climbing\guides\citadel\cit_view.jpg <-- climbing /guides/citadel cit_view.jpg
2003.08.05 15:39 B D:\Docs Personal\Webs\climbing\guides\citadel\cit_view_small.jpg <-- climbing /guides/citadel cit_view_small.jpg
2003.08.05 15:39 B D:\Docs Personal\Webs\climbing\guides\citadel\citadel.html <-- climbing /guides/citadel citadel.html
2003.08.05 15:39 B D:\Docs Personal\Webs\climbing\guides\citadel\citadel_history.html <-- climbing /guides/citadel citadel_history.html
2003.08.05 15:39 B D:\Docs Personal\Webs\climbing\guides\citadel\cittopo2.jpg <-- climbing /guides/citadel cittopo2.jpg
