2003.08.05 15:41 B D:\Docs Personal\Webs\climbing\guides\girraween\alex1.jpg <-- climbing /guides/girraween alex1.jpg
2003.08.05 15:41 B D:\Docs Personal\Webs\climbing\guides\girraween\asana.jpg <-- climbing /guides/girraween asana.jpg
2003.08.05 15:41 B D:\Docs Personal\Webs\climbing\guides\girraween\aztec.jpg <-- climbing /guides/girraween aztec.jpg
2003.08.05 15:41 B D:\Docs Personal\Webs\climbing\guides\girraween\balrock.jpg <-- climbing /guides/girraween balrock.jpg
2003.08.05 15:41 B D:\Docs Personal\Webs\climbing\guides\girraween\cave.jpg <-- climbing /guides/girraween cave.jpg
2003.08.05 15:41 B D:\Docs Personal\Webs\climbing\guides\girraween\danny.jpg <-- climbing /guides/girraween danny.jpg
2003.08.05 15:41 B D:\Docs Personal\Webs\climbing\guides\girraween\fin1.jpg <-- climbing /guides/girraween fin1.jpg
2003.08.05 15:41 B D:\Docs Personal\Webs\climbing\guides\girraween\fin2.jpg <-- climbing /guides/girraween fin2.jpg
2003.08.05 15:41 B D:\Docs Personal\Webs\climbing\guides\girraween\flake.jpg <-- climbing /guides/girraween flake.jpg
2003.08.05 15:41 B D:\Docs Personal\Webs\climbing\guides\girraween\girraween.html <-- climbing /guides/girraween girraween.html
2003.08.05 15:41 B D:\Docs Personal\Webs\climbing\guides\girraween\imagine.jpg <-- climbing /guides/girraween imagine.jpg
2003.08.05 15:41 B D:\Docs Personal\Webs\climbing\guides\girraween\leibesli.jpg <-- climbing /guides/girraween leibesli.jpg
2003.08.05 15:42 B D:\Docs Personal\Webs\climbing\guides\girraween\map.jpg <-- climbing /guides/girraween map.jpg
2003.08.05 15:42 B D:\Docs Personal\Webs\climbing\guides\girraween\map_small.jpg <-- climbing /guides/girraween map_small.jpg
2003.08.05 15:42 B D:\Docs Personal\Webs\climbing\guides\girraween\newpaths1.jpg <-- climbing /guides/girraween newpaths1.jpg
2003.08.05 15:42 B D:\Docs Personal\Webs\climbing\guides\girraween\newpaths2.jpg <-- climbing /guides/girraween newpaths2.jpg
2003.08.05 15:42 B D:\Docs Personal\Webs\climbing\guides\girraween\newpaths3.jpg <-- climbing /guides/girraween newpaths3.jpg
2003.08.05 15:42 B D:\Docs Personal\Webs\climbing\guides\girraween\newpaths4.jpg <-- climbing /guides/girraween newpaths4.jpg
2003.08.05 15:42 B D:\Docs Personal\Webs\climbing\guides\girraween\newpathsfall.jpg <-- climbing /guides/girraween newpathsfall.jpg
2003.08.05 15:42 B D:\Docs Personal\Webs\climbing\guides\girraween\roarkesrift.jpg <-- climbing /guides/girraween roarkesrift.jpg
2003.08.05 15:43 B D:\Docs Personal\Webs\climbing\guides\girraween\sae.jpg <-- climbing /guides/girraween sae.jpg
2003.08.05 15:43 B D:\Docs Personal\Webs\climbing\guides\girraween\scimitar.jpg <-- climbing /guides/girraween scimitar.jpg
2003.08.05 15:43 B D:\Docs Personal\Webs\climbing\guides\girraween\snowwhite.jpg <-- climbing /guides/girraween snowwhite.jpg
2003.08.05 15:43 B D:\Docs Personal\Webs\climbing\guides\girraween\spades.jpg <-- climbing /guides/girraween spades.jpg
2003.08.05 15:43 B D:\Docs Personal\Webs\climbing\guides\girraween\sphinx.jpg <-- climbing /guides/girraween sphinx.jpg
2003.08.05 15:43 B D:\Docs Personal\Webs\climbing\guides\girraween\stevearete.jpg <-- climbing /guides/girraween stevearete.jpg
2003.08.05 15:43 B D:\Docs Personal\Webs\climbing\guides\girraween\sumbreeze.jpg <-- climbing /guides/girraween sumbreeze.jpg
2003.08.05 15:44 B D:\Docs Personal\Webs\climbing\guides\girraween\turtle.jpg <-- climbing /guides/girraween turtle.jpg
2003.08.05 15:44 B D:\Docs Personal\Webs\climbing\guides\girraween\wading.jpg <-- climbing /guides/girraween wading.jpg
