2003.08.05 15:36 B D:\Docs Personal\Webs\climbing\guides\castlehill\animated.gif <-- climbing /guides/castlehill animated.gif
2003.08.05 15:36 B D:\Docs Personal\Webs\climbing\guides\castlehill\castlehill.html <-- climbing /guides/castlehill castlehill.html
2003.08.05 15:36 B D:\Docs Personal\Webs\climbing\guides\castlehill\ch_19_1.jpg <-- climbing /guides/castlehill ch_19_1.jpg
2003.08.05 15:36 B D:\Docs Personal\Webs\climbing\guides\castlehill\ch_19_1_small.jpg <-- climbing /guides/castlehill ch_19_1_small.jpg
2003.08.05 15:36 B D:\Docs Personal\Webs\climbing\guides\castlehill\ch_d_mc1.jpg <-- climbing /guides/castlehill ch_d_mc1.jpg
2003.08.05 15:36 B D:\Docs Personal\Webs\climbing\guides\castlehill\ch_d_mc1_small.jpg <-- climbing /guides/castlehill ch_d_mc1_small.jpg
2003.08.05 15:36 B D:\Docs Personal\Webs\climbing\guides\castlehill\ch_d_mc2.jpg <-- climbing /guides/castlehill ch_d_mc2.jpg
2003.08.05 15:36 B D:\Docs Personal\Webs\climbing\guides\castlehill\ch_d_mc2_small.jpg <-- climbing /guides/castlehill ch_d_mc2_small.jpg
2003.08.05 15:36 B D:\Docs Personal\Webs\climbing\guides\castlehill\ch_d_mc3.jpg <-- climbing /guides/castlehill ch_d_mc3.jpg
2003.08.05 15:36 B D:\Docs Personal\Webs\climbing\guides\castlehill\ch_d_mc3_small.jpg <-- climbing /guides/castlehill ch_d_mc3_small.jpg
2003.08.05 15:36 B D:\Docs Personal\Webs\climbing\guides\castlehill\ch_long.jpg <-- climbing /guides/castlehill ch_long.jpg
2003.08.05 15:37 B D:\Docs Personal\Webs\climbing\guides\castlehill\ch_o.jpg <-- climbing /guides/castlehill ch_o.jpg
2003.08.05 15:37 B D:\Docs Personal\Webs\climbing\guides\castlehill\ch_o_small.jpg <-- climbing /guides/castlehill ch_o_small.jpg
2003.08.05 15:37 B D:\Docs Personal\Webs\climbing\guides\castlehill\gitseq.jpg <-- climbing /guides/castlehill gitseq.jpg
2003.08.05 15:37 B D:\Docs Personal\Webs\climbing\guides\castlehill\gitseq_small.jpg <-- climbing /guides/castlehill gitseq_small.jpg
2003.08.05 15:37 B D:\Docs Personal\Webs\climbing\guides\castlehill\oftk1.jpg <-- climbing /guides/castlehill oftk1.jpg
2003.08.05 15:37 B D:\Docs Personal\Webs\climbing\guides\castlehill\oftk1_small.jpg <-- climbing /guides/castlehill oftk1_small.jpg
2003.08.05 15:37 B D:\Docs Personal\Webs\climbing\guides\castlehill\oftk2.jpg <-- climbing /guides/castlehill oftk2.jpg
2003.08.05 15:37 B D:\Docs Personal\Webs\climbing\guides\castlehill\oftk2_small.jpg <-- climbing /guides/castlehill oftk2_small.jpg
2003.08.05 15:37 B D:\Docs Personal\Webs\climbing\guides\castlehill\transmog.jpg <-- climbing /guides/castlehill transmog.jpg
2003.08.05 15:37 B D:\Docs Personal\Webs\climbing\guides\castlehill\transmog_small.jpg <-- climbing /guides/castlehill transmog_small.jpg
2003.08.05 15:37 B D:\Docs Personal\Webs\climbing\guides\castlehill\uwforget.jpg <-- climbing /guides/castlehill uwforget.jpg
2003.08.05 15:37 B D:\Docs Personal\Webs\climbing\guides\castlehill\uwforget_small.jpg <-- climbing /guides/castlehill uwforget_small.jpg
2003.08.05 15:37 B D:\Docs Personal\Webs\climbing\guides\castlehill\vision1.jpg <-- climbing /guides/castlehill vision1.jpg
2003.08.05 15:37 B D:\Docs Personal\Webs\climbing\guides\castlehill\vision1_small.jpg <-- climbing /guides/castlehill vision1_small.jpg
2003.08.05 15:37 B D:\Docs Personal\Webs\climbing\guides\castlehill\vision2.jpg <-- climbing /guides/castlehill vision2.jpg
2003.08.05 15:37 B D:\Docs Personal\Webs\climbing\guides\castlehill\vision2_small.jpg <-- climbing /guides/castlehill vision2_small.jpg
2003.08.05 15:38 B D:\Docs Personal\Webs\climbing\guides\castlehill\vision3.jpg <-- climbing /guides/castlehill vision3.jpg
2003.08.05 15:38 B D:\Docs Personal\Webs\climbing\guides\castlehill\vision3_small.jpg <-- climbing /guides/castlehill vision3_small.jpg
2004.04.01 16:48 B D:\Docs Personal\Webs\climbing\guides\castlehill\castlehill.html --> ftp.immortal.net.au /guides/castlehill castlehill.html
2004.04.01 17:18 B D:\Docs Personal\Webs\climbing\guides\castlehill\castlehill.html --> ftp.immortal.net.au /guides/castlehill castlehill.html
2004.04.01 17:18 B D:\Docs Personal\Webs\climbing\guides\castlehill\topo_new.jpg --> ftp.immortal.net.au /guides/castlehill topo_new.jpg
