2003.08.05 15:59 B D:\Docs Personal\Webs\climbing\guides\jcu\creek1.jpg <-- climbing /guides/jcu creek1.jpg
2003.08.05 15:59 B D:\Docs Personal\Webs\climbing\guides\jcu\creek2.jpg <-- climbing /guides/jcu creek2.jpg
2003.08.05 15:59 B D:\Docs Personal\Webs\climbing\guides\jcu\creek2_small.jpg <-- climbing /guides/jcu creek2_small.jpg
2003.08.05 15:59 B D:\Docs Personal\Webs\climbing\guides\jcu\creek3.jpg <-- climbing /guides/jcu creek3.jpg
2003.08.05 16:00 B D:\Docs Personal\Webs\climbing\guides\jcu\creek3_small.jpg <-- climbing /guides/jcu creek3_small.jpg
2003.08.05 16:00 B D:\Docs Personal\Webs\climbing\guides\jcu\inquis.jpg <-- climbing /guides/jcu inquis.jpg
2003.08.05 16:00 B D:\Docs Personal\Webs\climbing\guides\jcu\inquis_small.jpg <-- climbing /guides/jcu inquis_small.jpg
2003.08.05 16:00 B D:\Docs Personal\Webs\climbing\guides\jcu\jcu.html <-- climbing /guides/jcu jcu.html
2003.08.05 16:00 B D:\Docs Personal\Webs\climbing\guides\jcu\jcuab1.jpg <-- climbing /guides/jcu jcuab1.jpg
2003.08.05 16:00 B D:\Docs Personal\Webs\climbing\guides\jcu\jcuab1_small.jpg <-- climbing /guides/jcu jcuab1_small.jpg
2003.08.05 16:00 B D:\Docs Personal\Webs\climbing\guides\jcu\jcubuildering.html <-- climbing /guides/jcu jcubuildering.html
2003.08.05 16:00 B D:\Docs Personal\Webs\climbing\guides\jcu\jcuhh1.jpg <-- climbing /guides/jcu jcuhh1.jpg
2003.08.05 16:00 B D:\Docs Personal\Webs\climbing\guides\jcu\jcuhh1_small.jpg <-- climbing /guides/jcu jcuhh1_small.jpg
2003.08.05 16:00 B D:\Docs Personal\Webs\climbing\guides\jcu\jcumap1.jpg <-- climbing /guides/jcu jcumap1.jpg
2003.08.05 16:00 B D:\Docs Personal\Webs\climbing\guides\jcu\jcumap1_small.jpg <-- climbing /guides/jcu jcumap1_small.jpg
2003.08.05 16:00 B D:\Docs Personal\Webs\climbing\guides\jcu\jumpuck.jpg <-- climbing /guides/jcu jumpuck.jpg
2003.08.05 16:00 B D:\Docs Personal\Webs\climbing\guides\jcu\jumpuck_small.jpg <-- climbing /guides/jcu jumpuck_small.jpg
2003.08.05 16:00 B D:\Docs Personal\Webs\climbing\guides\jcu\lawbp1.jpg <-- climbing /guides/jcu lawbp1.jpg
2003.08.05 16:00 B D:\Docs Personal\Webs\climbing\guides\jcu\lawbp1_small.jpg <-- climbing /guides/jcu lawbp1_small.jpg
2003.08.05 16:00 B D:\Docs Personal\Webs\climbing\guides\jcu\lawmap.jpg <-- climbing /guides/jcu lawmap.jpg
2003.08.05 16:00 B D:\Docs Personal\Webs\climbing\guides\jcu\lawmap_small.jpg <-- climbing /guides/jcu lawmap_small.jpg
2003.08.05 16:00 B D:\Docs Personal\Webs\climbing\guides\jcu\lawsw1.jpg <-- climbing /guides/jcu lawsw1.jpg
2003.08.05 16:00 B D:\Docs Personal\Webs\climbing\guides\jcu\lawsw1_small.jpg <-- climbing /guides/jcu lawsw1_small.jpg
2003.08.05 16:00 B D:\Docs Personal\Webs\climbing\guides\jcu\lawsw2.jpg <-- climbing /guides/jcu lawsw2.jpg
2003.08.05 16:00 B D:\Docs Personal\Webs\climbing\guides\jcu\lawsw2_small.jpg <-- climbing /guides/jcu lawsw2_small.jpg
2003.08.05 16:00 B D:\Docs Personal\Webs\climbing\guides\jcu\lawtopo.gif <-- climbing /guides/jcu lawtopo.gif
2003.08.05 16:00 B D:\Docs Personal\Webs\climbing\guides\jcu\lawtopo_small.gif <-- climbing /guides/jcu lawtopo_small.gif
2003.08.05 16:01 B D:\Docs Personal\Webs\climbing\guides\jcu\nasty.jpg <-- climbing /guides/jcu nasty.jpg
2003.08.05 16:01 B D:\Docs Personal\Webs\climbing\guides\jcu\nasty_small.jpg <-- climbing /guides/jcu nasty_small.jpg
2003.08.05 16:01 B D:\Docs Personal\Webs\climbing\guides\jcu\sc.jpg <-- climbing /guides/jcu sc.jpg
2003.08.05 16:01 B D:\Docs Personal\Webs\climbing\guides\jcu\sc2.jpg <-- climbing /guides/jcu sc2.jpg
2003.08.05 16:01 B D:\Docs Personal\Webs\climbing\guides\jcu\sc2_small.jpg <-- climbing /guides/jcu sc2_small.jpg
2003.08.05 16:01 B D:\Docs Personal\Webs\climbing\guides\jcu\sc_small.jpg <-- climbing /guides/jcu sc_small.jpg
2003.08.05 16:01 B D:\Docs Personal\Webs\climbing\guides\jcu\uw_ca101.jpg <-- climbing /guides/jcu uw_ca101.jpg
2003.08.05 16:01 B D:\Docs Personal\Webs\climbing\guides\jcu\uw_ca101_small.jpg <-- climbing /guides/jcu uw_ca101_small.jpg
2003.08.05 16:01 B D:\Docs Personal\Webs\climbing\guides\jcu\uw_roofs.jpg <-- climbing /guides/jcu uw_roofs.jpg
2003.08.05 16:01 B D:\Docs Personal\Webs\climbing\guides\jcu\uw_roofs_small.jpg <-- climbing /guides/jcu uw_roofs_small.jpg
2003.08.05 16:01 B D:\Docs Personal\Webs\climbing\guides\jcu\uw_tg1.jpg <-- climbing /guides/jcu uw_tg1.jpg
2003.08.05 16:01 B D:\Docs Personal\Webs\climbing\guides\jcu\uw_tg1_small.jpg <-- climbing /guides/jcu uw_tg1_small.jpg
2003.08.05 16:01 B D:\Docs Personal\Webs\climbing\guides\jcu\uw_tg2.jpg <-- climbing /guides/jcu uw_tg2.jpg
2003.08.05 16:01 B D:\Docs Personal\Webs\climbing\guides\jcu\uw_tg2_small.jpg <-- climbing /guides/jcu uw_tg2_small.jpg
2003.08.05 16:01 B D:\Docs Personal\Webs\climbing\guides\jcu\uw_tg3.jpg <-- climbing /guides/jcu uw_tg3.jpg
2003.08.05 16:01 B D:\Docs Personal\Webs\climbing\guides\jcu\uw_tg3_small.jpg <-- climbing /guides/jcu uw_tg3_small.jpg
