2003.08.05 16:27 B D:\Docs Personal\Webs\climbing\guides\turkeyhill\th_12.jpg <-- climbing /guides/turkeyhill th_12.jpg
2003.08.05 16:27 B D:\Docs Personal\Webs\climbing\guides\turkeyhill\th_12_small.jpg <-- climbing /guides/turkeyhill th_12_small.jpg
2003.08.05 16:27 B D:\Docs Personal\Webs\climbing\guides\turkeyhill\th_16.jpg <-- climbing /guides/turkeyhill th_16.jpg
2003.08.05 16:27 B D:\Docs Personal\Webs\climbing\guides\turkeyhill\th_16_small.jpg <-- climbing /guides/turkeyhill th_16_small.jpg
2003.08.05 16:27 B D:\Docs Personal\Webs\climbing\guides\turkeyhill\th_17.jpg <-- climbing /guides/turkeyhill th_17.jpg
2003.08.05 16:27 B D:\Docs Personal\Webs\climbing\guides\turkeyhill\th_17_small.jpg <-- climbing /guides/turkeyhill th_17_small.jpg
2003.08.05 16:27 B D:\Docs Personal\Webs\climbing\guides\turkeyhill\th_cracker1.jpg <-- climbing /guides/turkeyhill th_cracker1.jpg
2003.08.05 16:27 B D:\Docs Personal\Webs\climbing\guides\turkeyhill\th_cracker1_small.jpg <-- climbing /guides/turkeyhill th_cracker1_small.jpg
2003.08.05 16:27 B D:\Docs Personal\Webs\climbing\guides\turkeyhill\th_cracker2.jpg <-- climbing /guides/turkeyhill th_cracker2.jpg
2003.08.05 16:27 B D:\Docs Personal\Webs\climbing\guides\turkeyhill\th_cracker2_small.jpg <-- climbing /guides/turkeyhill th_cracker2_small.jpg
2003.08.05 16:27 B D:\Docs Personal\Webs\climbing\guides\turkeyhill\th_entranced.jpg <-- climbing /guides/turkeyhill th_entranced.jpg
2003.08.05 16:27 B D:\Docs Personal\Webs\climbing\guides\turkeyhill\th_entranced_small.jpg <-- climbing /guides/turkeyhill th_entranced_small.jpg
2003.08.05 16:27 B D:\Docs Personal\Webs\climbing\guides\turkeyhill\th_gobbler.jpg <-- climbing /guides/turkeyhill th_gobbler.jpg
2003.08.05 16:27 B D:\Docs Personal\Webs\climbing\guides\turkeyhill\th_gobbler_small.jpg <-- climbing /guides/turkeyhill th_gobbler_small.jpg
2003.08.05 16:27 B D:\Docs Personal\Webs\climbing\guides\turkeyhill\th_grater.jpg <-- climbing /guides/turkeyhill th_grater.jpg
2003.08.05 16:27 B D:\Docs Personal\Webs\climbing\guides\turkeyhill\th_grater_small.jpg <-- climbing /guides/turkeyhill th_grater_small.jpg
2003.08.05 16:28 B D:\Docs Personal\Webs\climbing\guides\turkeyhill\th_mellow.jpg <-- climbing /guides/turkeyhill th_mellow.jpg
2003.08.05 16:28 B D:\Docs Personal\Webs\climbing\guides\turkeyhill\th_mellow_small.jpg <-- climbing /guides/turkeyhill th_mellow_small.jpg
2003.08.05 16:28 B D:\Docs Personal\Webs\climbing\guides\turkeyhill\th_tris.jpg <-- climbing /guides/turkeyhill th_tris.jpg
2003.08.05 16:28 B D:\Docs Personal\Webs\climbing\guides\turkeyhill\th_tris_small.jpg <-- climbing /guides/turkeyhill th_tris_small.jpg
2003.08.05 16:28 B D:\Docs Personal\Webs\climbing\guides\turkeyhill\turkeyhill.html <-- climbing /guides/turkeyhill turkeyhill.html
2004.05.10 14:45 B D:\Docs Personal\Webs\climbing\guides\turkeyhill\turkeyhill.html --> ftp.immortal.net.au /guides/turkeyhill turkeyhill.html
