2003.08.05 16:02 B D:\Docs Personal\Webs\climbing\guides\kissingpoint\kissingpoint.html <-- climbing /guides/kissingpoint kissingpoint.html
2003.08.05 16:02 B D:\Docs Personal\Webs\climbing\guides\kissingpoint\kp_abyss.jpg <-- climbing /guides/kissingpoint kp_abyss.jpg
2003.08.05 16:02 B D:\Docs Personal\Webs\climbing\guides\kissingpoint\kp_abyss_small.jpg <-- climbing /guides/kissingpoint kp_abyss_small.jpg
2003.08.05 16:02 B D:\Docs Personal\Webs\climbing\guides\kissingpoint\kp_bolting.jpg <-- climbing /guides/kissingpoint kp_bolting.jpg
2003.08.05 16:02 B D:\Docs Personal\Webs\climbing\guides\kissingpoint\kp_bolting_small.jpg <-- climbing /guides/kissingpoint kp_bolting_small.jpg
2003.08.05 16:02 B D:\Docs Personal\Webs\climbing\guides\kissingpoint\kp_boulder.jpg <-- climbing /guides/kissingpoint kp_boulder.jpg
2003.08.05 16:02 B D:\Docs Personal\Webs\climbing\guides\kissingpoint\kp_boulder_small.jpg <-- climbing /guides/kissingpoint kp_boulder_small.jpg
2003.08.05 16:02 B D:\Docs Personal\Webs\climbing\guides\kissingpoint\kp_hak.jpg <-- climbing /guides/kissingpoint kp_hak.jpg
2003.08.05 16:02 B D:\Docs Personal\Webs\climbing\guides\kissingpoint\kp_hak_small.jpg <-- climbing /guides/kissingpoint kp_hak_small.jpg
2003.08.05 16:02 B D:\Docs Personal\Webs\climbing\guides\kissingpoint\kp_kc.jpg <-- climbing /guides/kissingpoint kp_kc.jpg
2003.08.05 16:02 B D:\Docs Personal\Webs\climbing\guides\kissingpoint\kp_kc_small.jpg <-- climbing /guides/kissingpoint kp_kc_small.jpg
2003.08.05 16:02 B D:\Docs Personal\Webs\climbing\guides\kissingpoint\kp_kmu.jpg <-- climbing /guides/kissingpoint kp_kmu.jpg
2003.08.05 16:02 B D:\Docs Personal\Webs\climbing\guides\kissingpoint\kp_kmu_small.jpg <-- climbing /guides/kissingpoint kp_kmu_small.jpg
2003.08.05 16:02 B D:\Docs Personal\Webs\climbing\guides\kissingpoint\kp_kotsw.jpg <-- climbing /guides/kissingpoint kp_kotsw.jpg
2003.08.05 16:02 B D:\Docs Personal\Webs\climbing\guides\kissingpoint\kp_kotsw_small.jpg <-- climbing /guides/kissingpoint kp_kotsw_small.jpg
2003.08.05 16:02 B D:\Docs Personal\Webs\climbing\guides\kissingpoint\kp_kts.jpg <-- climbing /guides/kissingpoint kp_kts.jpg
2003.08.05 16:02 B D:\Docs Personal\Webs\climbing\guides\kissingpoint\kp_kts_small.jpg <-- climbing /guides/kissingpoint kp_kts_small.jpg
2003.08.05 16:02 B D:\Docs Personal\Webs\climbing\guides\kissingpoint\kp_sampson.jpg <-- climbing /guides/kissingpoint kp_sampson.jpg
2003.08.05 16:02 B D:\Docs Personal\Webs\climbing\guides\kissingpoint\kp_sampson_small.jpg <-- climbing /guides/kissingpoint kp_sampson_small.jpg
2003.08.05 16:02 B D:\Docs Personal\Webs\climbing\guides\kissingpoint\kp_sg1.jpg <-- climbing /guides/kissingpoint kp_sg1.jpg
2003.08.05 16:02 B D:\Docs Personal\Webs\climbing\guides\kissingpoint\kp_sg1_small.jpg <-- climbing /guides/kissingpoint kp_sg1_small.jpg
2003.08.05 16:03 B D:\Docs Personal\Webs\climbing\guides\kissingpoint\kp_sg2.jpg <-- climbing /guides/kissingpoint kp_sg2.jpg
2003.08.05 16:03 B D:\Docs Personal\Webs\climbing\guides\kissingpoint\kp_sg2_small.jpg <-- climbing /guides/kissingpoint kp_sg2_small.jpg
2003.08.05 16:03 B D:\Docs Personal\Webs\climbing\guides\kissingpoint\kp_sssb1.jpg <-- climbing /guides/kissingpoint kp_sssb1.jpg
2003.08.05 16:03 B D:\Docs Personal\Webs\climbing\guides\kissingpoint\kp_sssb1_small.jpg <-- climbing /guides/kissingpoint kp_sssb1_small.jpg
2003.08.05 16:03 B D:\Docs Personal\Webs\climbing\guides\kissingpoint\kp_sssb2.jpg <-- climbing /guides/kissingpoint kp_sssb2.jpg
2003.08.05 16:03 B D:\Docs Personal\Webs\climbing\guides\kissingpoint\kp_sssb2_small.jpg <-- climbing /guides/kissingpoint kp_sssb2_small.jpg
2003.08.05 16:03 B D:\Docs Personal\Webs\climbing\guides\kissingpoint\kp_sssb3.jpg <-- climbing /guides/kissingpoint kp_sssb3.jpg
2003.08.05 16:03 B D:\Docs Personal\Webs\climbing\guides\kissingpoint\kp_sssb3_small.jpg <-- climbing /guides/kissingpoint kp_sssb3_small.jpg
2003.08.05 16:03 B D:\Docs Personal\Webs\climbing\guides\kissingpoint\kp_sssb4.jpg <-- climbing /guides/kissingpoint kp_sssb4.jpg
2003.08.05 16:06 B D:\Docs Personal\Webs\climbing\guides\kissingpoint\kp_sssb4.jpg <-- climbing /guides/kissingpoint kp_sssb4.jpg
2003.08.05 16:06 B D:\Docs Personal\Webs\climbing\guides\kissingpoint\kp_sssb4_small.jpg <-- climbing /guides/kissingpoint kp_sssb4_small.jpg
2003.08.05 16:07 B D:\Docs Personal\Webs\climbing\guides\kissingpoint\kp_sssb5.jpg <-- climbing /guides/kissingpoint kp_sssb5.jpg
2003.08.05 16:07 B D:\Docs Personal\Webs\climbing\guides\kissingpoint\kp_sssb5_small.jpg <-- climbing /guides/kissingpoint kp_sssb5_small.jpg
2003.08.05 16:07 B D:\Docs Personal\Webs\climbing\guides\kissingpoint\kp_walls.jpg <-- climbing /guides/kissingpoint kp_walls.jpg
2003.08.05 16:07 B D:\Docs Personal\Webs\climbing\guides\kissingpoint\kp_walls_small.jpg <-- climbing /guides/kissingpoint kp_walls_small.jpg
