2003.02.20 09:49 B D:\Lee Personal\Webs\climbing\guides\harveysrange\eyeball.jpg <-- climbing /guides/harveysrange eyeball.jpg
2003.02.20 09:49 B D:\Lee Personal\Webs\climbing\guides\harveysrange\false1.jpg <-- climbing /guides/harveysrange false1.jpg
2003.02.20 09:49 B D:\Lee Personal\Webs\climbing\guides\harveysrange\falsepretences.jpg <-- climbing /guides/harveysrange falsepretences.jpg
2003.02.20 09:49 B D:\Lee Personal\Webs\climbing\guides\harveysrange\fredbig.jpg <-- climbing /guides/harveysrange fredbig.jpg
2003.02.20 09:49 B D:\Lee Personal\Webs\climbing\guides\harveysrange\fredbig_small.jpg <-- climbing /guides/harveysrange fredbig_small.jpg
2003.02.20 09:49 B D:\Lee Personal\Webs\climbing\guides\harveysrange\harveysmarbles.html <-- climbing /guides/harveysrange harveysmarbles.html
2003.02.20 09:49 B D:\Lee Personal\Webs\climbing\guides\harveysrange\harveysrange.html <-- climbing /guides/harveysrange harveysrange.html
2003.02.20 09:50 B D:\Lee Personal\Webs\climbing\guides\harveysrange\her1.jpg <-- climbing /guides/harveysrange her1.jpg
2003.02.20 09:50 B D:\Lee Personal\Webs\climbing\guides\harveysrange\her1_small.jpg <-- climbing /guides/harveysrange her1_small.jpg
2003.02.20 09:50 B D:\Lee Personal\Webs\climbing\guides\harveysrange\her2.jpg <-- climbing /guides/harveysrange her2.jpg
2003.02.20 09:50 B D:\Lee Personal\Webs\climbing\guides\harveysrange\her2_small.jpg <-- climbing /guides/harveysrange her2_small.jpg
2003.02.20 09:50 B D:\Lee Personal\Webs\climbing\guides\harveysrange\her3.jpg <-- climbing /guides/harveysrange her3.jpg
2003.02.20 09:50 B D:\Lee Personal\Webs\climbing\guides\harveysrange\her3_small.jpg <-- climbing /guides/harveysrange her3_small.jpg
2003.02.20 09:50 B D:\Lee Personal\Webs\climbing\guides\harveysrange\mdx.jpg <-- climbing /guides/harveysrange mdx.jpg
2003.02.20 09:50 B D:\Lee Personal\Webs\climbing\guides\harveysrange\pigeon.jpg <-- climbing /guides/harveysrange pigeon.jpg
2003.02.20 09:50 B D:\Lee Personal\Webs\climbing\guides\harveysrange\python1.jpg <-- climbing /guides/harveysrange python1.jpg
2003.02.20 09:50 B D:\Lee Personal\Webs\climbing\guides\harveysrange\python2.jpg <-- climbing /guides/harveysrange python2.jpg
2003.02.20 09:50 B D:\Lee Personal\Webs\climbing\guides\harveysrange\topo_castle.jpg <-- climbing /guides/harveysrange topo_castle.jpg
2003.02.20 09:50 B D:\Lee Personal\Webs\climbing\guides\harveysrange\topo_castle_small.jpg <-- climbing /guides/harveysrange topo_castle_small.jpg
2003.02.20 09:50 B D:\Lee Personal\Webs\climbing\guides\harveysrange\topo_cowpaddock.jpg <-- climbing /guides/harveysrange topo_cowpaddock.jpg
2003.02.20 09:50 B D:\Lee Personal\Webs\climbing\guides\harveysrange\topo_cowpaddock_small.jpg <-- climbing /guides/harveysrange topo_cowpaddock_small.jpg
2003.02.20 09:50 B D:\Lee Personal\Webs\climbing\guides\harveysrange\topo_embankment.jpg <-- climbing /guides/harveysrange topo_embankment.jpg
2003.02.20 09:50 B D:\Lee Personal\Webs\climbing\guides\harveysrange\topo_embankment_small.jpg <-- climbing /guides/harveysrange topo_embankment_small.jpg
2003.02.20 09:50 B D:\Lee Personal\Webs\climbing\guides\harveysrange\topo_funparlour.jpg <-- climbing /guides/harveysrange topo_funparlour.jpg
2003.02.20 09:50 B D:\Lee Personal\Webs\climbing\guides\harveysrange\topo_funparlour_small.jpg <-- climbing /guides/harveysrange topo_funparlour_small.jpg
2003.02.20 09:51 B D:\Lee Personal\Webs\climbing\guides\harveysrange\topo_overview.jpg <-- climbing /guides/harveysrange topo_overview.jpg
2003.02.20 09:51 B D:\Lee Personal\Webs\climbing\guides\harveysrange\topo_overview_small.jpg <-- climbing /guides/harveysrange topo_overview_small.jpg
2003.02.20 09:51 B D:\Lee Personal\Webs\climbing\guides\harveysrange\tumble1.jpg <-- climbing /guides/harveysrange tumble1.jpg
2003.02.20 09:51 B D:\Lee Personal\Webs\climbing\guides\harveysrange\tumble1_small.jpg <-- climbing /guides/harveysrange tumble1_small.jpg
2003.02.20 10:00 B D:\Lee Personal\Webs\climbing\guides\harveysrange\harveysrange.html --> ftp.immortal.net.au /guides/harveysrange harveysrange.html
2003.02.20 10:01 B D:\Lee Personal\Webs\climbing\guides\harveysrange\harveysrange.html --> ftp.immortal.net.au /guides/harveysrange harveysrange.html
2003.02.20 10:03 B D:\Lee Personal\Webs\climbing\guides\harveysrange\harveysrange.html --> ftp.immortal.net.au /guides/harveysrange harveysrange.html
