2003.08.05 16:19 B D:\Docs Personal\Webs\climbing\guides\stuart\aaronsunset.jpg <-- climbing /guides/stuart aaronsunset.jpg
2003.08.05 16:19 B D:\Docs Personal\Webs\climbing\guides\stuart\africa1.jpg <-- climbing /guides/stuart africa1.jpg
2003.08.05 16:19 B D:\Docs Personal\Webs\climbing\guides\stuart\africa2.jpg <-- climbing /guides/stuart africa2.jpg
2003.08.05 16:19 B D:\Docs Personal\Webs\climbing\guides\stuart\cham1.jpg <-- climbing /guides/stuart cham1.jpg
2003.08.05 16:19 B D:\Docs Personal\Webs\climbing\guides\stuart\colorado.jpg <-- climbing /guides/stuart colorado.jpg
2003.08.05 16:19 B D:\Docs Personal\Webs\climbing\guides\stuart\dannyacacia.jpg <-- climbing /guides/stuart dannyacacia.jpg
2003.08.05 16:20 B D:\Docs Personal\Webs\climbing\guides\stuart\dejavu.jpg <-- climbing /guides/stuart dejavu.jpg
2003.08.05 16:20 B D:\Docs Personal\Webs\climbing\guides\stuart\dougwhip.jpg <-- climbing /guides/stuart dougwhip.jpg
2003.08.05 16:20 B D:\Docs Personal\Webs\climbing\guides\stuart\element.jpg <-- climbing /guides/stuart element.jpg
2003.08.05 16:20 B D:\Docs Personal\Webs\climbing\guides\stuart\fame1.jpg <-- climbing /guides/stuart fame1.jpg
2003.08.05 16:20 B D:\Docs Personal\Webs\climbing\guides\stuart\fame2.jpg <-- climbing /guides/stuart fame2.jpg
2003.08.05 16:21 B D:\Docs Personal\Webs\climbing\guides\stuart\fistfull.jpg <-- climbing /guides/stuart fistfull.jpg
2003.08.05 16:21 B D:\Docs Personal\Webs\climbing\guides\stuart\flashd.jpg <-- climbing /guides/stuart flashd.jpg
2003.08.05 16:21 B D:\Docs Personal\Webs\climbing\guides\stuart\flex.jpg <-- climbing /guides/stuart flex.jpg
2003.08.05 16:21 B D:\Docs Personal\Webs\climbing\guides\stuart\gardening.jpg <-- climbing /guides/stuart gardening.jpg
2003.08.05 16:21 B D:\Docs Personal\Webs\climbing\guides\stuart\ghouse.jpg <-- climbing /guides/stuart ghouse.jpg
2003.08.05 16:21 B D:\Docs Personal\Webs\climbing\guides\stuart\gommersdark.jpg <-- climbing /guides/stuart gommersdark.jpg
2003.08.05 16:21 B D:\Docs Personal\Webs\climbing\guides\stuart\greenlantern.jpg <-- climbing /guides/stuart greenlantern.jpg
2003.08.05 16:21 B D:\Docs Personal\Webs\climbing\guides\stuart\hardrain.jpg <-- climbing /guides/stuart hardrain.jpg
2003.08.05 16:21 B D:\Docs Personal\Webs\climbing\guides\stuart\jasehighnoon.jpg <-- climbing /guides/stuart jasehighnoon.jpg
2003.08.05 16:22 B D:\Docs Personal\Webs\climbing\guides\stuart\jaseproject.jpg <-- climbing /guides/stuart jaseproject.jpg
2003.08.05 16:22 B D:\Docs Personal\Webs\climbing\guides\stuart\joyboy1.jpg <-- climbing /guides/stuart joyboy1.jpg
2003.08.05 16:22 B D:\Docs Personal\Webs\climbing\guides\stuart\joyboy2.jpg <-- climbing /guides/stuart joyboy2.jpg
2003.08.05 16:22 B D:\Docs Personal\Webs\climbing\guides\stuart\joyboy4.jpg <-- climbing /guides/stuart joyboy4.jpg
2003.08.05 16:22 B D:\Docs Personal\Webs\climbing\guides\stuart\joyboy5.jpg <-- climbing /guides/stuart joyboy5.jpg
2003.08.05 16:22 B D:\Docs Personal\Webs\climbing\guides\stuart\joyboyfake.jpg <-- climbing /guides/stuart joyboyfake.jpg
2003.08.05 16:22 B D:\Docs Personal\Webs\climbing\guides\stuart\lees_guide.html <-- climbing /guides/stuart lees_guide.html
2003.08.05 16:22 B D:\Docs Personal\Webs\climbing\guides\stuart\mark1.jpg <-- climbing /guides/stuart mark1.jpg
2003.08.05 16:22 B D:\Docs Personal\Webs\climbing\guides\stuart\mega_k.jpg <-- climbing /guides/stuart mega_k.jpg
2003.08.05 16:22 B D:\Docs Personal\Webs\climbing\guides\stuart\mega_lee.jpg <-- climbing /guides/stuart mega_lee.jpg
2003.08.05 16:22 B D:\Docs Personal\Webs\climbing\guides\stuart\photopic.jpg <-- climbing /guides/stuart photopic.jpg
2003.08.05 16:22 B D:\Docs Personal\Webs\climbing\guides\stuart\physmed1.jpg <-- climbing /guides/stuart physmed1.jpg
2003.08.05 16:22 B D:\Docs Personal\Webs\climbing\guides\stuart\physmed2.jpg <-- climbing /guides/stuart physmed2.jpg
2003.08.05 16:23 B D:\Docs Personal\Webs\climbing\guides\stuart\pinnacle.jpg <-- climbing /guides/stuart pinnacle.jpg
2003.08.05 16:23 B D:\Docs Personal\Webs\climbing\guides\stuart\pinnacle2.jpg <-- climbing /guides/stuart pinnacle2.jpg
2003.08.05 16:23 B D:\Docs Personal\Webs\climbing\guides\stuart\plane.jpg <-- climbing /guides/stuart plane.jpg
2003.08.05 16:23 B D:\Docs Personal\Webs\climbing\guides\stuart\planecabin.jpg <-- climbing /guides/stuart planecabin.jpg
2003.08.05 16:23 B D:\Docs Personal\Webs\climbing\guides\stuart\playground.jpg <-- climbing /guides/stuart playground.jpg
2003.08.05 16:23 B D:\Docs Personal\Webs\climbing\guides\stuart\prime1.jpg <-- climbing /guides/stuart prime1.jpg
2003.08.05 16:23 B D:\Docs Personal\Webs\climbing\guides\stuart\prime2.jpg <-- climbing /guides/stuart prime2.jpg
2003.08.05 16:23 B D:\Docs Personal\Webs\climbing\guides\stuart\prime3.jpg <-- climbing /guides/stuart prime3.jpg
2003.08.05 16:23 B D:\Docs Personal\Webs\climbing\guides\stuart\rearwin.jpg <-- climbing /guides/stuart rearwin.jpg
2003.08.05 16:23 B D:\Docs Personal\Webs\climbing\guides\stuart\rocksex.jpg <-- climbing /guides/stuart rocksex.jpg
2003.08.05 16:23 B D:\Docs Personal\Webs\climbing\guides\stuart\rocky.jpg <-- climbing /guides/stuart rocky.jpg
2003.08.05 16:23 B D:\Docs Personal\Webs\climbing\guides\stuart\romancing.jpg <-- climbing /guides/stuart romancing.jpg
2003.08.05 16:23 B D:\Docs Personal\Webs\climbing\guides\stuart\rude.jpg <-- climbing /guides/stuart rude.jpg
2003.08.05 16:24 B D:\Docs Personal\Webs\climbing\guides\stuart\sidd1.jpg <-- climbing /guides/stuart sidd1.jpg
2003.08.05 16:24 B D:\Docs Personal\Webs\climbing\guides\stuart\simplea1.jpg <-- climbing /guides/stuart simplea1.jpg
2003.08.05 16:24 B D:\Docs Personal\Webs\climbing\guides\stuart\smiley.jpg <-- climbing /guides/stuart smiley.jpg
2003.08.05 16:24 B D:\Docs Personal\Webs\climbing\guides\stuart\space1.jpg <-- climbing /guides/stuart space1.jpg
2003.08.05 16:24 B D:\Docs Personal\Webs\climbing\guides\stuart\space2.jpg <-- climbing /guides/stuart space2.jpg
2003.08.05 16:24 B D:\Docs Personal\Webs\climbing\guides\stuart\stsmall.jpg <-- climbing /guides/stuart stsmall.jpg
2003.08.05 16:24 B D:\Docs Personal\Webs\climbing\guides\stuart\stuart.html <-- climbing /guides/stuart stuart.html
2003.08.05 16:24 B D:\Docs Personal\Webs\climbing\guides\stuart\stuart.jpg <-- climbing /guides/stuart stuart.jpg
2003.08.05 16:24 B D:\Docs Personal\Webs\climbing\guides\stuart\stuart_small.jpg <-- climbing /guides/stuart stuart_small.jpg
2003.08.05 16:24 B D:\Docs Personal\Webs\climbing\guides\stuart\stuart_topo.html <-- climbing /guides/stuart stuart_topo.html
2003.08.05 16:24 B D:\Docs Personal\Webs\climbing\guides\stuart\stuartaerial.jpg <-- climbing /guides/stuart stuartaerial.jpg
2003.08.05 16:24 B D:\Docs Personal\Webs\climbing\guides\stuart\stutopo2.jpg <-- climbing /guides/stuart stutopo2.jpg
2003.08.05 16:24 B D:\Docs Personal\Webs\climbing\guides\stuart\suspicion.jpg <-- climbing /guides/stuart suspicion.jpg
2003.08.05 16:24 B D:\Docs Personal\Webs\climbing\guides\stuart\sww.jpg <-- climbing /guides/stuart sww.jpg
2003.08.05 16:25 B D:\Docs Personal\Webs\climbing\guides\stuart\titfortat.jpg <-- climbing /guides/stuart titfortat.jpg
2003.08.05 16:25 B D:\Docs Personal\Webs\climbing\guides\stuart\titfortatfall.jpg <-- climbing /guides/stuart titfortatfall.jpg
2003.08.05 16:25 B D:\Docs Personal\Webs\climbing\guides\stuart\toomuch1.jpg <-- climbing /guides/stuart toomuch1.jpg
2003.08.05 16:25 B D:\Docs Personal\Webs\climbing\guides\stuart\tristar1.jpg <-- climbing /guides/stuart tristar1.jpg
2003.08.05 16:25 B D:\Docs Personal\Webs\climbing\guides\stuart\tristar2.jpg <-- climbing /guides/stuart tristar2.jpg
2003.08.05 16:25 B D:\Docs Personal\Webs\climbing\guides\stuart\tristar3.jpg <-- climbing /guides/stuart tristar3.jpg
2003.08.05 16:25 B D:\Docs Personal\Webs\climbing\guides\stuart\tristar4.jpg <-- climbing /guides/stuart tristar4.jpg
2003.08.05 16:25 B D:\Docs Personal\Webs\climbing\guides\stuart\tristar5.jpg <-- climbing /guides/stuart tristar5.jpg
2003.08.05 16:25 B D:\Docs Personal\Webs\climbing\guides\stuart\tristar6.jpg <-- climbing /guides/stuart tristar6.jpg
2003.08.05 16:26 B D:\Docs Personal\Webs\climbing\guides\stuart\twohand1.jpg <-- climbing /guides/stuart twohand1.jpg
2003.08.05 16:26 B D:\Docs Personal\Webs\climbing\guides\stuart\twohand2.jpg <-- climbing /guides/stuart twohand2.jpg
2003.08.05 16:26 B D:\Docs Personal\Webs\climbing\guides\stuart\yankee1.jpg <-- climbing /guides/stuart yankee1.jpg
2003.08.05 16:26 B D:\Docs Personal\Webs\climbing\guides\stuart\yankee2.jpg <-- climbing /guides/stuart yankee2.jpg
